<?xml version="1.0" encoding="UTF-8"?>
<testsuite xmlns:xsi="http://www.w3.org/2001/XMLSchema-instance" xsi:noNamespaceSchemaLocation="https://maven.apache.org/surefire/maven-surefire-plugin/xsd/surefire-test-report.xsd" name="belajar.java.test.CalculatorTest" time="0.015" tests="4" errors="0" skipped="1" failures="0">
  <properties>
[...]
</properties>
  <testcase name="testDivideFailed" classname="belajar.java.test.CalculatorTest" time="0.009"/>
  <testcase name="testAddSuccess" classname="belajar.java.test.CalculatorTest" time="0.001"/>
  <testcase name="testCommingSoon" classname="belajar.java.test.CalculatorTest" time="0">
    <skipped message="public void belajar.java.test.CalculatorTest.testCommingSoon() is @Disabled"/>
  </testcase>
  <testcase name="testDivideSuccess" classname="belajar.java.test.CalculatorTest" time="0"/>
</testsuite>